app/build/intermediates/manifest_merge_blame_file/release/manifest-merger-blame-release-report.txt
1<?xml version="1.0" encoding="utf-8"?>
2<manifest xmlns:android="http://schemas.android.com/apk/res/android"
3    package="sg.edu.np.mad.mad_assg"
4    android:versionCode="1"
5    android:versionName="1.0" >
6
7    <uses-sdk
8        android:minSdkVersion="21"
8-->src\main\AndroidManifest.xml
9        android:targetSdkVersion="33" />
9-->src\main\AndroidManifest.xml
10
11    <uses-permission android:name="android.permission.INTERNET" />
11-->src\main\AndroidManifest.xml:4:5-67
11-->src\main\AndroidManifest.xml:4:22-64
12
13    <permission
13-->[androidx.core:core:1.9.0] AndroidManifest.xml:22:5-24:47
14        android:name="sg.edu.np.mad.mad_assg.DYNAMIC_RECEIVER_NOT_EXPORTED_PERMISSION"
14-->[androidx.core:core:1.9.0] AndroidManifest.xml:23:9-81
15        android:protectionLevel="signature" />
15-->[androidx.core:core:1.9.0] AndroidManifest.xml:24:9-44
16
17    <uses-permission android:name="sg.edu.np.mad.mad_assg.DYNAMIC_RECEIVER_NOT_EXPORTED_PERMISSION" />
17-->[androidx.core:core:1.9.0] AndroidManifest.xml:26:5-97
17-->[androidx.core:core:1.9.0] AndroidManifest.xml:26:22-94
18
19    <application
19-->src\main\AndroidManifest.xml:5:5-41:19
20        android:allowBackup="true"
20-->src\main\AndroidManifest.xml:6:9-35
21        android:appComponentFactory="androidx.core.app.CoreComponentFactory"
21-->[androidx.core:core:1.9.0] AndroidManifest.xml:28:18-86
22        android:dataExtractionRules="@xml/data_extraction_rules"
22-->src\main\AndroidManifest.xml:7:9-65
23        android:fullBackupContent="@xml/backup_rules"
23-->src\main\AndroidManifest.xml:8:9-54
24        android:icon="@mipmap/ic_launcher"
24-->src\main\AndroidManifest.xml:9:9-43
25        android:label="Rexipe"
25-->src\main\AndroidManifest.xml:10:9-31
26        android:roundIcon="@mipmap/ic_launcher_round"
26-->src\main\AndroidManifest.xml:13:9-54
27        android:supportsRtl="true"
27-->src\main\AndroidManifest.xml:11:9-35
28        android:theme="@style/Theme.MAD_Assg" >
28-->src\main\AndroidManifest.xml:12:9-46
29        <activity android:name="sg.edu.np.mad.mad_assg.MainActivity" />
29-->src\main\AndroidManifest.xml:18:9-49
29-->src\main\AndroidManifest.xml:18:19-47
30        <activity android:name="sg.edu.np.mad.mad_assg.Login" />
30-->src\main\AndroidManifest.xml:19:9-42
30-->src\main\AndroidManifest.xml:19:19-40
31        <activity android:name="sg.edu.np.mad.mad_assg.NewUser" />
31-->src\main\AndroidManifest.xml:20:9-44
31-->src\main\AndroidManifest.xml:20:19-42
32        <activity android:name="sg.edu.np.mad.mad_assg.StartPage" />
32-->src\main\AndroidManifest.xml:21:9-46
32-->src\main\AndroidManifest.xml:21:19-44
33        <activity android:name="sg.edu.np.mad.mad_assg.ResetPassword" />
33-->src\main\AndroidManifest.xml:22:9-50
33-->src\main\AndroidManifest.xml:22:19-48
34        <activity android:name="sg.edu.np.mad.mad_assg.ForgotPassword" />
34-->src\main\AndroidManifest.xml:23:9-51
34-->src\main\AndroidManifest.xml:23:19-49
35        <activity android:name="sg.edu.np.mad.mad_assg.Setttings" />
35-->src\main\AndroidManifest.xml:24:9-46
35-->src\main\AndroidManifest.xml:24:19-44
36        <activity android:name="sg.edu.np.mad.mad_assg.RecipeView" />
36-->src\main\AndroidManifest.xml:25:9-47
36-->src\main\AndroidManifest.xml:25:19-45
37        <activity android:name="sg.edu.np.mad.mad_assg.Recipe" />
37-->src\main\AndroidManifest.xml:26:9-43
37-->src\main\AndroidManifest.xml:26:19-41
38        <activity android:name="sg.edu.np.mad.mad_assg.FeedBack_Result" />
38-->src\main\AndroidManifest.xml:27:9-52
38-->src\main\AndroidManifest.xml:27:19-50
39        <activity android:name="sg.edu.np.mad.mad_assg.EditUserProfile" />
39-->src\main\AndroidManifest.xml:28:9-51
39-->src\main\AndroidManifest.xml:28:19-49
40        <activity
40-->src\main\AndroidManifest.xml:29:9-31:40
41            android:name="sg.edu.np.mad.mad_assg.FeedBackandReviews"
41-->src\main\AndroidManifest.xml:30:13-47
42            android:exported="false" />
42-->src\main\AndroidManifest.xml:31:13-37
43        <activity
43-->src\main\AndroidManifest.xml:32:9-39:20
44            android:name="sg.edu.np.mad.mad_assg.SplashScreen"
44-->src\main\AndroidManifest.xml:33:13-41
45            android:exported="true" >
45-->src\main\AndroidManifest.xml:34:13-36
46            <intent-filter>
46-->src\main\AndroidManifest.xml:35:13-38:29
47                <action android:name="android.intent.action.MAIN" />
47-->src\main\AndroidManifest.xml:36:17-69
47-->src\main\AndroidManifest.xml:36:25-66
48
49                <category android:name="android.intent.category.LAUNCHER" />
49-->src\main\AndroidManifest.xml:37:17-77
49-->src\main\AndroidManifest.xml:37:27-74
50            </intent-filter>
51        </activity>
52
53        <provider
53-->[com.squareup.picasso:picasso:2.71828] AndroidManifest.xml:8:9-11:40
54            android:name="com.squareup.picasso.PicassoProvider"
54-->[com.squareup.picasso:picasso:2.71828] AndroidManifest.xml:9:13-64
55            android:authorities="sg.edu.np.mad.mad_assg.com.squareup.picasso"
55-->[com.squareup.picasso:picasso:2.71828] AndroidManifest.xml:10:13-72
56            android:exported="false" />
56-->[com.squareup.picasso:picasso:2.71828] AndroidManifest.xml:11:13-37
57        <provider
57-->[androidx.emoji2:emoji2:1.2.0] AndroidManifest.xml:24:9-32:20
58            android:name="androidx.startup.InitializationProvider"
58-->[androidx.emoji2:emoji2:1.2.0] AndroidManifest.xml:25:13-67
59            android:authorities="sg.edu.np.mad.mad_assg.androidx-startup"
59-->[androidx.emoji2:emoji2:1.2.0] AndroidManifest.xml:26:13-68
60            android:exported="false" >
60-->[androidx.emoji2:emoji2:1.2.0] AndroidManifest.xml:27:13-37
61            <meta-data
61-->[androidx.emoji2:emoji2:1.2.0] AndroidManifest.xml:29:13-31:52
62                android:name="androidx.emoji2.text.EmojiCompatInitializer"
62-->[androidx.emoji2:emoji2:1.2.0] AndroidManifest.xml:30:17-75
63                android:value="androidx.startup" />
63-->[androidx.emoji2:emoji2:1.2.0] AndroidManifest.xml:31:17-49
64            <meta-data
64-->[androidx.lifecycle:lifecycle-process:2.4.1] AndroidManifest.xml:31:13-33:52
65                android:name="androidx.lifecycle.ProcessLifecycleInitializer"
65-->[androidx.lifecycle:lifecycle-process:2.4.1] AndroidManifest.xml:32:17-78
66                android:value="androidx.startup" />
66-->[androidx.lifecycle:lifecycle-process:2.4.1] AndroidManifest.xml:33:17-49
67        </provider>
68    </application>
69
70</manifest>